{"C:\\Users\\Note\\OneDrive\\Área de Trabalho\\Projetinhos\\NodeJs-testes\\carrinho\\carrinho.js": {"path":"C:\\Users\\Note\\OneDrive\\Área de Trabalho\\Projetinhos\\NodeJs-testes\\carrinho\\carrinho.js","statementMap":{"0":{"start":{"line":5,"column":6},"end":{"line":5,"column":22}},"1":{"start":{"line":6,"column":6},"end":{"line":6,"column":27}},"2":{"start":{"line":7,"column":6},"end":{"line":7,"column":24}},"3":{"start":{"line":8,"column":6},"end":{"line":8,"column":24}},"4":{"start":{"line":12,"column":6},"end":{"line":12,"column":28}},"5":{"start":{"line":16,"column":6},"end":{"line":16,"column":25}},"6":{"start":{"line":20,"column":6},"end":{"line":20,"column":93}},"7":{"start":{"line":20,"column":56},"end":{"line":20,"column":88}},"8":{"start":{"line":21,"column":6},"end":{"line":21,"column":40}},"9":{"start":{"line":25,"column":6},"end":{"line":27,"column":7}},"10":{"start":{"line":26,"column":8},"end":{"line":26,"column":53}},"11":{"start":{"line":29,"column":6},"end":{"line":29,"column":39}},"12":{"start":{"line":31,"column":6},"end":{"line":35,"column":8}}},"fnMap":{"0":{"name":"(anonymous_0)","decl":{"start":{"line":4,"column":4},"end":{"line":4,"column":5}},"loc":{"start":{"line":4,"column":18},"end":{"line":9,"column":5}},"line":4},"1":{"name":"(anonymous_1)","decl":{"start":{"line":11,"column":4},"end":{"line":11,"column":5}},"loc":{"start":{"line":11,"column":19},"end":{"line":13,"column":5}},"line":11},"2":{"name":"(anonymous_2)","decl":{"start":{"line":15,"column":4},"end":{"line":15,"column":5}},"loc":{"start":{"line":15,"column":25},"end":{"line":17,"column":5}},"line":15},"3":{"name":"(anonymous_3)","decl":{"start":{"line":19,"column":4},"end":{"line":19,"column":5}},"loc":{"start":{"line":19,"column":19},"end":{"line":22,"column":5}},"line":19},"4":{"name":"(anonymous_4)","decl":{"start":{"line":20,"column":40},"end":{"line":20,"column":41}},"loc":{"start":{"line":20,"column":56},"end":{"line":20,"column":88}},"line":20},"5":{"name":"(anonymous_5)","decl":{"start":{"line":24,"column":4},"end":{"line":24,"column":5}},"loc":{"start":{"line":24,"column":21},"end":{"line":36,"column":5}},"line":24}},"branchMap":{"0":{"loc":{"start":{"line":25,"column":6},"end":{"line":27,"column":7}},"type":"if","locations":[{"start":{"line":25,"column":6},"end":{"line":27,"column":7}},{"start":{},"end":{}}],"line":25}},"s":{"0":6,"1":6,"2":6,"3":6,"4":4,"5":2,"6":1,"7":2,"8":1,"9":2,"10":1,"11":1,"12":1},"f":{"0":6,"1":4,"2":2,"3":1,"4":2,"5":2},"b":{"0":[1,1]},"_coverageSchema":"1a1c01bbd47fc00a2c39e90264f33305004495a9","hash":"273c584dad38558dc2054df29379968392775cda"}
,"C:\\Users\\Note\\OneDrive\\Área de Trabalho\\Projetinhos\\NodeJs-testes\\carrinho\\item.js": {"path":"C:\\Users\\Note\\OneDrive\\Área de Trabalho\\Projetinhos\\NodeJs-testes\\carrinho\\item.js","statementMap":{"0":{"start":{"line":5,"column":6},"end":{"line":5,"column":23}},"1":{"start":{"line":6,"column":6},"end":{"line":6,"column":25}},"2":{"start":{"line":7,"column":6},"end":{"line":7,"column":35}},"3":{"start":{"line":11,"column":6},"end":{"line":11,"column":42}}},"fnMap":{"0":{"name":"(anonymous_0)","decl":{"start":{"line":4,"column":4},"end":{"line":4,"column":5}},"loc":{"start":{"line":4,"column":41},"end":{"line":8,"column":5}},"line":4},"1":{"name":"(anonymous_1)","decl":{"start":{"line":10,"column":4},"end":{"line":10,"column":5}},"loc":{"start":{"line":10,"column":25},"end":{"line":12,"column":5}},"line":10}},"branchMap":{},"s":{"0":6,"1":6,"2":6,"3":3},"f":{"0":6,"1":3},"b":{},"_coverageSchema":"1a1c01bbd47fc00a2c39e90264f33305004495a9","hash":"3289c4bda6e5522e629b6e98a3e23c76487d9fbe"}
}
