{"C:\\Users\\Note\\OneDrive\\Área de Trabalho\\Projetinhos\\NodeJs-testes\\index.js": {"path":"C:\\Users\\Note\\OneDrive\\Área de Trabalho\\Projetinhos\\NodeJs-testes\\index.js","statementMap":{"0":{"start":{"line":3,"column":24},"end":{"line":3,"column":81}},"1":{"start":{"line":3,"column":55},"end":{"line":3,"column":81}},"2":{"start":{"line":5,"column":25},"end":{"line":5,"column":68}},"3":{"start":{"line":5,"column":49},"end":{"line":5,"column":68}}},"fnMap":{"0":{"name":"(anonymous_0)","decl":{"start":{"line":3,"column":24},"end":{"line":3,"column":25}},"loc":{"start":{"line":3,"column":55},"end":{"line":3,"column":81}},"line":3},"1":{"name":"(anonymous_1)","decl":{"start":{"line":5,"column":25},"end":{"line":5,"column":26}},"loc":{"start":{"line":5,"column":49},"end":{"line":5,"column":68}},"line":5}},"branchMap":{},"s":{"0":1,"1":1,"2":1,"3":1},"f":{"0":1,"1":1},"b":{},"_coverageSchema":"1a1c01bbd47fc00a2c39e90264f33305004495a9","hash":"39f89a73797cd3b50a253249f6657af2d87409ce"}
}
